<?xml version="1.0" encoding="UTF-8"?>
<testng-results ignored="0" total="1" passed="1" failed="0" skipped="0">
  <reporter-output>
    <line>
      <![CDATA[hi]]>
    </line>
  </reporter-output>
  <suite started-at="2024-10-05T17:49:18 IST" name="Default suite" finished-at="2024-10-05T17:49:18 IST" duration-ms="56">
    <groups>
    </groups>
    <test started-at="2024-10-05T17:49:18 IST" name="Default test" finished-at="2024-10-05T17:49:18 IST" duration-ms="56">
      <class name="com.actitime.testscript.DemoTestNG">
        <test-method signature="DemoTesting()[pri:0, instance:com.actitime.testscript.DemoTestNG@441772e]" started-at="2024-10-05T17:49:18 IST" name="DemoTesting" finished-at="2024-10-05T17:49:18 IST" duration-ms="15" status="PASS">
          <reporter-output>
            <line>
              <![CDATA[hi]]>
            </line>
          </reporter-output>
        </test-method> <!-- DemoTesting -->
      </class> <!-- com.actitime.testscript.DemoTestNG -->
    </test> <!-- Default test -->
  </suite> <!-- Default suite -->
</testng-results>
